-------------------------------------------------------------------------------
Test set: com.alura.foroinicial.ForoInicialApplicationTests
-------------------------------------------------------------------------------
Tests run: 1, Failures: 0, Errors: 1, Skipped: 0, Time elapsed: 0.207 s <<< FAILURE! - in com.alura.foroinicial.ForoInicialApplicationTests
com.alura.foroinicial.ForoInicialApplicationTests  Time elapsed: 0.206 s  <<< ERROR!
java.lang.IllegalStateException: Unable to find a @SpringBootConfiguration, you need to use @ContextConfiguration or @SpringBootTest(classes=...) with your test

